2025-08-27 20:27:42,795 - INFO - 🚀 Gate.io 期貨上市監控器啟動
2025-08-27 20:27:42,796 - INFO - 📅 檢查間隔: 300 秒
2025-08-27 20:27:42,796 - INFO - 🔗 監控頁面: https://www.gate.com/zh-tw/announcements/newfutureslistings
2025-08-27 20:27:42,796 - INFO - 💡 按 Ctrl+C 停止監控器
2025-08-27 20:27:42,796 - INFO - 🔄 開始檢查 Gate.io 期貨上市更新...
2025-08-27 20:27:42,796 - INFO - 正在初始化瀏覽器...
2025-08-27 20:27:42,956 - INFO - 嘗試強制安裝瀏覽器...
2025-08-27 20:27:43,147 - INFO - 瀏覽器安裝成功
2025-08-27 20:27:43,147 - WARNING - 未找到瀏覽器路徑，嘗試使用系統路徑
2025-08-27 20:27:45,402 - INFO - 瀏覽器初始化完成
2025-08-27 20:27:45,402 - INFO - 開始訪問頁面: https://www.gate.com/zh-tw/announcements/newfutureslistings
2025-08-27 20:27:50,097 - INFO - 找到目標選擇器
2025-08-27 20:27:50,107 - INFO - 找到 15 個鏈接元素
2025-08-27 20:27:50,114 - INFO - 找到公告: Gate 已上線 SOMIUSDT 永續合約盤前交易（USDT 結算）
2025-08-27 20:27:50,122 - INFO - 找到公告: 首發上線：Gate 將支持 BTR、CAMP 合約交易、槓杆借貸交易、交易機器人、跟...
2025-08-27 20:27:50,127 - INFO - 找到公告: Gate 已上線 BAS 永續合約交易（USDT 結算）
2025-08-27 20:27:50,132 - INFO - 找到公告: Gate 已上線 DAM 永續合約交易（USDT 結算）
2025-08-27 20:27:50,137 - INFO - 找到公告: Gate 已上線 WLFIUSDT 永續合約盤前交易（USDT 結算）
2025-08-27 20:27:50,142 - INFO - 找到公告: Gate 已上線 XPLUSDT 永續合約盤前交易（USDT結算）
2025-08-27 20:27:50,147 - INFO - 找到公告: Gate 已上線 YZY MONEY (YZY) 合約交易、槓杆借貸交易、交易機器人、跟單、閃兌...
2025-08-27 20:27:50,151 - INFO - 找到公告: Gate 將上線 AriaAI (ARIA) 合約交易、槓杆借貸交易、交易機器人、跟單、閃兌...
2025-08-27 20:27:50,156 - INFO - 找到公告: Gate 已上線 YZY、MNT 永續合約交易（USDT 結算）
2025-08-27 20:27:50,161 - INFO - 找到公告: Gate 關於首發上線 SAPIEN 永續合約交易（USDT 結算）的公告
2025-08-27 20:27:50,166 - INFO - 找到公告: Gate 已上線 CUDIS 永續合約交易（USDT 結算）
2025-08-27 20:27:50,172 - INFO - 找到公告: Gate 關於上線 ALL 綜合指數永續合約交易（USDT 結算）的公告
2025-08-27 20:27:50,176 - INFO - 找到公告: Gate 將上線 TCOM (TCOM) 合約交易、槓杆借貸交易、交易機器人、跟單、閃兌、...
2025-08-27 20:27:50,180 - INFO - 找到公告: Gate 將上線 PublicAI (PUBLIC) 合約交易、槓杆借貸交易、交易機器人、跟單、閃...
2025-08-27 20:27:50,185 - INFO - 找到公告: Gate 將上線 OVL、AIBOT 合約交易、槓杆借貸交易、交易機器人、跟單、閃兌、...
2025-08-27 20:27:50,186 - INFO - 成功提取 15 條期貨上市信息
2025-08-27 20:27:50,186 - INFO - 提取項 1: Gate 已上線 SOMIUSDT 永續合約盤前交易（USDT 結算）
2025-08-27 20:27:50,186 - INFO -   URL: https://www.gate.com/zh-tw/announcements/article/46810
2025-08-27 20:27:50,186 - INFO -   語言: zh
2025-08-27 20:27:50,186 - INFO -   元素類型: a
2025-08-27 20:27:50,186 - INFO - 提取項 2: 首發上線：Gate 將支持 BTR、CAMP 合約交易、槓杆借貸交易、交易機器人、跟...
2025-08-27 20:27:50,186 - INFO -   URL: https://www.gate.com/zh-tw/announcements/article/46799
2025-08-27 20:27:50,186 - INFO -   語言: zh
2025-08-27 20:27:50,186 - INFO -   元素類型: a
2025-08-27 20:27:50,186 - INFO - 提取項 3: Gate 已上線 BAS 永續合約交易（USDT 結算）
2025-08-27 20:27:50,186 - INFO -   URL: https://www.gate.com/zh-tw/announcements/article/46791
2025-08-27 20:27:50,186 - INFO -   語言: zh
2025-08-27 20:27:50,186 - INFO -   元素類型: a
2025-08-27 20:27:50,186 - INFO - 提取項 4: Gate 已上線 DAM 永續合約交易（USDT 結算）
2025-08-27 20:27:50,186 - INFO -   URL: https://www.gate.com/zh-tw/announcements/article/46789
2025-08-27 20:27:50,186 - INFO -   語言: zh
2025-08-27 20:27:50,186 - INFO -   元素類型: a
2025-08-27 20:27:50,186 - INFO - 提取項 5: Gate 已上線 WLFIUSDT 永續合約盤前交易（USDT 結算）
2025-08-27 20:27:50,186 - INFO -   URL: https://www.gate.com/zh-tw/announcements/article/46749
2025-08-27 20:27:50,186 - INFO -   語言: zh
2025-08-27 20:27:50,186 - INFO -   元素類型: a
2025-08-27 20:27:50,186 - INFO - 📊 成功獲取 15 條期貨上市信息
2025-08-27 20:27:50,187 - INFO - 🆕 首次運行檢測到，只儲存數據，不發送通知
2025-08-27 20:27:50,188 - INFO - 成功添加 15 條新數據到歷史文件，總計 15 條
2025-08-27 20:27:50,188 - INFO - ✅ 首次數據儲存完成，下次運行將開始監控新數據
2025-08-27 20:27:50,188 - INFO - ⏰ 等待 300 秒後進行下次檢查...
2025-08-27 20:28:03,920 - INFO - 收到信號 2，準備優雅關閉...
2025-08-27 20:35:00,463 - INFO - 🚀 Gate.io 期貨上市監控器啟動
2025-08-27 20:35:00,463 - INFO - 📅 檢查間隔: 300 秒
2025-08-27 20:35:00,463 - INFO - 🔗 監控頁面: https://www.gate.com/zh-tw/announcements/newfutureslistings
2025-08-27 20:35:00,463 - INFO - 💡 按 Ctrl+C 停止監控器
2025-08-27 20:35:00,463 - INFO - 🔄 開始檢查 Gate.io 期貨上市更新...
2025-08-27 20:35:00,463 - INFO - 正在初始化瀏覽器...
2025-08-27 20:35:00,747 - INFO - 嘗試強制安裝瀏覽器...
2025-08-27 20:35:00,911 - INFO - 瀏覽器安裝成功
2025-08-27 20:35:00,912 - WARNING - 未找到瀏覽器路徑，嘗試使用系統路徑
2025-08-27 20:35:03,919 - INFO - 瀏覽器初始化完成
2025-08-27 20:35:03,919 - INFO - 開始訪問頁面: https://www.gate.com/zh-tw/announcements/newfutureslistings
2025-08-27 20:36:22,107 - INFO - 等待頁面完全加載...
2025-08-27 20:36:27,115 - INFO - 頁面網絡加載完成
2025-08-27 20:36:27,149 - INFO - 找到目標選擇器
2025-08-27 20:36:29,159 - INFO - 找到 15 個鏈接元素
2025-08-27 20:36:29,171 - INFO - 找到公告: Gate 已上線 SOMIUSDT 永續合約盤前交易（USDT 結算）
2025-08-27 20:36:29,185 - INFO - 找到公告: 首發上線：Gate 將支持 BTR、CAMP 合約交易、槓杆借貸交易、交易機器人、跟...
2025-08-27 20:36:29,196 - INFO - 找到公告: Gate 已上線 BAS 永續合約交易（USDT 結算）
2025-08-27 20:36:29,208 - INFO - 找到公告: Gate 已上線 DAM 永續合約交易（USDT 結算）
2025-08-27 20:36:29,219 - INFO - 找到公告: Gate 已上線 WLFIUSDT 永續合約盤前交易（USDT 結算）
2025-08-27 20:36:29,228 - INFO - 找到公告: Gate 已上線 XPLUSDT 永續合約盤前交易（USDT結算）
2025-08-27 20:36:29,239 - INFO - 找到公告: Gate 已上線 YZY MONEY (YZY) 合約交易、槓杆借貸交易、交易機器人、跟單、閃兌...
2025-08-27 20:36:29,248 - INFO - 找到公告: Gate 將上線 AriaAI (ARIA) 合約交易、槓杆借貸交易、交易機器人、跟單、閃兌...
2025-08-27 20:36:29,257 - INFO - 找到公告: Gate 已上線 YZY、MNT 永續合約交易（USDT 結算）
2025-08-27 20:36:29,265 - INFO - 找到公告: Gate 關於首發上線 SAPIEN 永續合約交易（USDT 結算）的公告
2025-08-27 20:36:29,273 - INFO - 找到公告: Gate 已上線 CUDIS 永續合約交易（USDT 結算）
2025-08-27 20:36:29,282 - INFO - 找到公告: Gate 關於上線 ALL 綜合指數永續合約交易（USDT 結算）的公告
2025-08-27 20:36:29,290 - INFO - 找到公告: Gate 將上線 TCOM (TCOM) 合約交易、槓杆借貸交易、交易機器人、跟單、閃兌、...
2025-08-27 20:36:29,299 - INFO - 找到公告: Gate 將上線 PublicAI (PUBLIC) 合約交易、槓杆借貸交易、交易機器人、跟單、閃...
2025-08-27 20:36:29,308 - INFO - 找到公告: Gate 將上線 OVL、AIBOT 合約交易、槓杆借貸交易、交易機器人、跟單、閃兌、...
2025-08-27 20:36:29,310 - INFO - 成功提取 15 條期貨上市信息
2025-08-27 20:36:29,310 - INFO - 提取項 1: Gate 已上線 SOMIUSDT 永續合約盤前交易（USDT 結算）
2025-08-27 20:36:29,310 - INFO -   URL: https://www.gate.com/zh-tw/announcements/article/46810
2025-08-27 20:36:29,310 - INFO -   語言: zh
2025-08-27 20:36:29,310 - INFO -   元素類型: a
2025-08-27 20:36:29,310 - INFO - 提取項 2: 首發上線：Gate 將支持 BTR、CAMP 合約交易、槓杆借貸交易、交易機器人、跟...
2025-08-27 20:36:29,310 - INFO -   URL: https://www.gate.com/zh-tw/announcements/article/46799
2025-08-27 20:36:29,310 - INFO -   語言: zh
2025-08-27 20:36:29,310 - INFO -   元素類型: a
2025-08-27 20:36:29,310 - INFO - 提取項 3: Gate 已上線 BAS 永續合約交易（USDT 結算）
2025-08-27 20:36:29,311 - INFO -   URL: https://www.gate.com/zh-tw/announcements/article/46791
2025-08-27 20:36:29,311 - INFO -   語言: zh
2025-08-27 20:36:29,311 - INFO -   元素類型: a
2025-08-27 20:36:29,311 - INFO - 提取項 4: Gate 已上線 DAM 永續合約交易（USDT 結算）
2025-08-27 20:36:29,311 - INFO -   URL: https://www.gate.com/zh-tw/announcements/article/46789
2025-08-27 20:36:29,311 - INFO -   語言: zh
2025-08-27 20:36:29,311 - INFO -   元素類型: a
2025-08-27 20:36:29,311 - INFO - 提取項 5: Gate 已上線 WLFIUSDT 永續合約盤前交易（USDT 結算）
2025-08-27 20:36:29,311 - INFO -   URL: https://www.gate.com/zh-tw/announcements/article/46749
2025-08-27 20:36:29,311 - INFO -   語言: zh
2025-08-27 20:36:29,311 - INFO -   元素類型: a
2025-08-27 20:36:29,311 - INFO - 📊 成功獲取 15 條期貨上市信息
2025-08-27 20:36:29,311 - INFO - 📋 檢測到歷史文件，開始比對新數據...
2025-08-27 20:36:29,312 - INFO - 📝 沒有發現新的期貨上市信息
2025-08-27 20:36:29,312 - INFO - ⏰ 等待 300 秒後進行下次檢查...
